2021-01-11 21:09:51,408 INFO ****** BUILDING NEW MCTS TREE FOR AGENT best_player ******
2021-01-11 21:09:51,408 INFO ***************************
2021-01-11 21:09:51,408 INFO ****** SIMULATION 1 ******
2021-01-11 21:09:51,409 INFO ***************************
2021-01-11 21:09:51,409 INFO ROOT NODE...000000000000000000000000000000000000000000000000000000000000000000000000000000000000
2021-01-11 21:09:51,409 INFO ['-', '-', '-', '-', '-', '-', '-']
2021-01-11 21:09:51,409 INFO ['-', '-', '-', '-', '-', '-', '-']
2021-01-11 21:09:51,409 INFO ['-', '-', '-', '-', '-', '-', '-']
2021-01-11 21:09:51,409 INFO ['-', '-', '-', '-', '-', '-', '-']
2021-01-11 21:09:51,409 INFO ['-', '-', '-', '-', '-', '-', '-']
2021-01-11 21:09:51,409 INFO ['-', '-', '-', '-', '-', '-', '-']
2021-01-11 21:09:51,410 INFO --------------
2021-01-11 21:09:51,410 INFO CURRENT PLAYER...1
2021-01-11 21:09:51,410 INFO ------MOVING TO LEAF------
2021-01-11 21:09:51,410 INFO DONE...0
2021-01-11 21:09:51,410 INFO ['-', '-', '-', '-', '-', '-', '-']
2021-01-11 21:09:51,410 INFO ['-', '-', '-', '-', '-', '-', '-']
2021-01-11 21:09:51,410 INFO ['-', '-', '-', '-', '-', '-', '-']
2021-01-11 21:09:51,410 INFO ['-', '-', '-', '-', '-', '-', '-']
2021-01-11 21:09:51,411 INFO ['-', '-', '-', '-', '-', '-', '-']
2021-01-11 21:09:51,411 INFO ['-', '-', '-', '-', '-', '-', '-']
2021-01-11 21:09:51,411 INFO --------------
2021-01-11 21:09:51,411 INFO ------EVALUATING LEAF------
